<?xml version="1.0" encoding="UTF-8"?>
<!-- Generated by org.testng.reporters.JUnitReportReporter -->
<testsuite skipped="0" hostname="DESKTOP-RV8OV7R" name="org.testng.test1" tests="1" failures="0" timestamp="17 Feb 2024 11:50:09 GMT" time="3.669" errors="0">
  <testcase name="Amazon_Security_testing" time="3.669" classname="org.testng.test1"/>
</testsuite> <!-- org.testng.test1 -->
